15:27:40.680 skipping bootstrap configuration: could not find or read file: classpath:karate-config.js
15:27:40.688 request:
1 > POST https://demo.spreecommerce.org/spree_oauth/token
1 > Accept: application/json
1 > Accept-Encoding: gzip,deflate
1 > Connection: Keep-Alive
1 > Content-Length: 79
1 > Content-Type: application/json; charset=UTF-8
1 > Host: demo.spreecommerce.org
1 > User-Agent: Apache-HttpClient/4.5.12 (Java/1.8.0_301)
{"grant_type":"password","username":"mayuri65@spree.com","password":"mayuri65"}

15:27:41.959 response time in milliseconds: 1270.81
1 < 200
1 < Cache-Control: no-store
1 < Connection: keep-alive
1 < Content-Type: application/json; charset=utf-8
1 < Date: Thu, 09 Jun 2022 09:57:41 GMT
1 < Etag: W/"7510f66460f21b3e5ea3b9b17e05cfb1"
1 < Pragma: no-cache
1 < Referrer-Policy: strict-origin-when-cross-origin
1 < Server: Cowboy
1 < Transfer-Encoding: chunked
1 < Vary: Accept, Origin
1 < Via: 1.1 vegur
1 < X-Content-Type-Options: nosniff
1 < X-Download-Options: noopen
1 < X-Frame-Options: SAMEORIGIN
1 < X-Permitted-Cross-Domain-Policies: none
1 < X-Rack-Cache: invalidate, pass
1 < X-Request-Id: 3c1cc70f-010c-4080-99e4-b4e59a372e38
1 < X-Runtime: 0.017809
1 < X-Xss-Protection: 1; mode=block
{"access_token":"p6Bp2K7phJXKFNrZSSOHui0h3Jn9pZAbnPGIdWk4fzY","token_type":"Bearer","expires_in":7200,"refresh_token":"vhmFCNwmPrEa1OHrtoBmlqalabUVHCVwfnuumuUMN1Q","created_at":1654768661}

15:27:41.960 [print] {
  "access_token": "p6Bp2K7phJXKFNrZSSOHui0h3Jn9pZAbnPGIdWk4fzY",
  "refresh_token": "vhmFCNwmPrEa1OHrtoBmlqalabUVHCVwfnuumuUMN1Q",
  "created_at": 1654768661,
  "token_type": "Bearer",
  "expires_in": 7200
}

15:27:41.961 [print] p6Bp2K7phJXKFNrZSSOHui0h3Jn9pZAbnPGIdWk4fzY
15:27:41.962 request:
1 > PATCH https://demo.spreecommerce.org/api/v2/storefront/account
1 > Accept: application/json
1 > Accept-Encoding: gzip,deflate
1 > Authorization: Bearer p6Bp2K7phJXKFNrZSSOHui0h3Jn9pZAbnPGIdWk4fzY
1 > Connection: Keep-Alive
1 > Content-Length: 178
1 > Content-Type: application/vnd.api+json; charset=UTF-8
1 > Host: demo.spreecommerce.org
1 > User-Agent: Apache-HttpClient/4.5.12 (Java/1.8.0_301)
{"user":{"email":"mayuri66@spree.com","first_name":"mayuri","last_name":"B","bill_address_id":"1","ship_address_id":"1","password":"mayuri66","password_confirmation":"mayuri66"}}

15:27:43.382 response time in milliseconds: 1418.81
1 < 200
1 < Cache-Control: max-age=0, private, must-revalidate
1 < Connection: keep-alive
1 < Content-Type: application/vnd.api+json; charset=utf-8
1 < Date: Thu, 09 Jun 2022 09:57:42 GMT
1 < Etag: W/"56aec0db5cf0db2fb6acc818e3a44c49"
1 < Referrer-Policy: strict-origin-when-cross-origin
1 < Server: Cowboy
1 < Transfer-Encoding: chunked
1 < Vary: Origin
1 < Via: 1.1 vegur
1 < X-Content-Type-Options: nosniff
1 < X-Download-Options: noopen
1 < X-Frame-Options: SAMEORIGIN
1 < X-Permitted-Cross-Domain-Policies: none
1 < X-Rack-Cache: invalidate, pass
1 < X-Request-Id: 30d60973-b727-4506-9572-eea94fee0c4e
1 < X-Runtime: 0.035839
1 < X-Xss-Protection: 1; mode=block
{"data":{"id":"4846","type":"user","attributes":{"email":"mayuri66@spree.com","store_credits":0,"completed_orders":0},"relationships":{"default_billing_address":{"data":{"id":"1","type":"address"}},"default_shipping_address":{"data":{"id":"1","type":"address"}}}}}

15:27:43.383 [print] {
  "data": {
    "relationships": {
      "default_billing_address": {
        "data": {
          "id": "1",
          "type": "address"
        }
      },
      "default_shipping_address": {
        "data": {
          "id": "1",
          "type": "address"
        }
      }
    },
    "attributes": {
      "store_credits": 0,
      "completed_orders": 0,
      "email": "mayuri66@spree.com"
    },
    "id": "4846",
    "type": "user"
  }
}

15:27:43.383 [print] {
  "data": {
    "relationships": {
      "default_billing_address": {
        "data": {
          "id": "1",
          "type": "address"
        }
      },
      "default_shipping_address": {
        "data": {
          "id": "1",
          "type": "address"
        }
      }
    },
    "attributes": {
      "store_credits": 0,
      "completed_orders": 0,
      "email": "mayuri66@spree.com"
    },
    "id": "4846",
    "type": "user"
  }
}

